<?xml version="1.0" encoding="utf-8"?><testsuites name="pytest tests"><testsuite name="pytest" errors="0" failures="0" skipped="0" tests="5" time="1.836" timestamp="2026-06-29T11:53:32.935810+00:00" hostname="agent-env-d55ed28e-dbf0-428c-82db-5a0aee96987a"><testcase classname="tests.test_rihara_api.TestContact" name="test_create_contact_and_list" time="1.107" /><testcase classname="tests.test_rihara_api.TestHealth" name="test_health" time="0.279" /><testcase classname="tests.test_rihara_api.TestHealth" name="test_root" time="0.826" /><testcase classname="tests.test_rihara_api.TestContact" name="test_create_contact_invalid_email" time="0.075" /><testcase classname="tests.test_rihara_api.TestContact" name="test_create_contact_missing_fields" time="0.039" /></testsuite></testsuites>